<?xml version="1.0" encoding="UTF-8"?>
<!-- Generated by org.testng.reporters.JUnitReportReporter -->
<testsuite hostname="DESKTOP-QTB4BMV" failures="0" tests="8" name="dnata.admin.testcases.CarRentalRuleTest" time="32.079" errors="0" timestamp="2024-12-24T20:44:51 IST" skipped="0">
  <testcase classname="dnata.admin.testcases.CarRentalRuleTest" name="verifyCarRentalRuleCreationListheadingText" time="2.922"/>
  <testcase classname="dnata.admin.testcases.CarRentalRuleTest" name="verifyCarRentalRuleCreation" time="8.299"/>
  <testcase classname="dnata.admin.testcases.CarRentalRuleTest" name="verifyCarRentalRuleEditCancelButton" time="1.720"/>
  <testcase classname="dnata.admin.testcases.CarRentalRuleTest" name="verifyCarRentalRuleEdit" time="8.793"/>
  <testcase classname="dnata.admin.testcases.CarRentalRuleTest" name="verifyCarRentalRuleView" time="2.701"/>
  <testcase classname="dnata.admin.testcases.CarRentalRuleTest" name="verifyCarRentalRuleDeletePopup" time="1.019"/>
  <testcase classname="dnata.admin.testcases.CarRentalRuleTest" name="verifyCarRentalRuleDeletePopupNoButton" time="1.638"/>
  <testcase classname="dnata.admin.testcases.CarRentalRuleTest" name="verifyCarRentalRuleDelete" time="4.987"/>
</testsuite> <!-- dnata.admin.testcases.CarRentalRuleTest -->
