<?xml version="1.0" encoding="UTF-8"?>
<!-- Generated by org.testng.reporters.JUnitReportReporter -->
<testsuite hostname="DESKTOP-QTB4BMV" failures="0" tests="2" name="dnata.admin.testcases.CompanyListTest" time="245.152" errors="0" timestamp="2024-12-09T14:41:25 IST" skipped="0">
  <testcase classname="dnata.admin.testcases.CompanyListTest" name="verifyBranchCompanyCreation" time="123.108"/>
  <testcase classname="dnata.admin.testcases.CompanyListTest" name="verifyB2BCompanyCreation" time="122.044"/>
</testsuite> <!-- dnata.admin.testcases.CompanyListTest -->
