<?xml version="1.0" encoding="UTF-8"?>
<!-- Generated by org.testng.reporters.JUnitReportReporter -->
<testsuite hostname="DESKTOP-QTB4BMV" failures="0" tests="5" name="dnata.admin.testcases.CarRentalRuleTest" time="26.169" errors="0" timestamp="2024-12-24T11:50:34 IST" skipped="0">
  <testcase classname="dnata.admin.testcases.CarRentalRuleTest" name="verifyCarRentalRuleCreationListheadingText" time="1.805"/>
  <testcase classname="dnata.admin.testcases.CarRentalRuleTest" name="verifyCarRentalRuleCreation" time="9.348"/>
  <testcase classname="dnata.admin.testcases.CarRentalRuleTest" name="verifyCarRentalRuleEditCancelButton" time="2.189"/>
  <testcase classname="dnata.admin.testcases.CarRentalRuleTest" name="verifyCarRentalRuleEdit" time="9.594"/>
  <testcase classname="dnata.admin.testcases.CarRentalRuleTest" name="verifyCarRentalRuleView" time="3.233"/>
</testsuite> <!-- dnata.admin.testcases.CarRentalRuleTest -->
