<?xml version="1.0" encoding="UTF-8"?>
<!-- Generated by org.testng.reporters.JUnitReportReporter -->
<testsuite hostname="DESKTOP-QTB4BMV" failures="0" tests="1" name="dnata.admin.testcases.LoginPageTest" time="13.590" errors="0" timestamp="2024-12-24T11:50:34 IST" skipped="0">
  <testcase classname="dnata.admin.testcases.LoginPageTest" name="verifyLoginSuccess" time="13.590"/>
</testsuite> <!-- dnata.admin.testcases.LoginPageTest -->
