<?xml version="1.0" encoding="UTF-8"?>
<!-- Generated by org.testng.reporters.JUnitReportReporter -->
<testsuite hostname="DESKTOP-QTB4BMV" failures="0" tests="3" name="dnata.admin.testcases.HomePageTest" time="7.401" errors="0" timestamp="2024-12-09T14:41:25 IST" skipped="0">
  <testcase classname="dnata.admin.testcases.HomePageTest" name="verifyOrgDetailsText" time="0.472"/>
  <testcase classname="dnata.admin.testcases.HomePageTest" name="verifyOrgDetailsParameters" time="5.320"/>
  <testcase classname="dnata.admin.testcases.HomePageTest" name="verifyCompanyListheadingText" time="1.609"/>
</testsuite> <!-- dnata.admin.testcases.HomePageTest -->
