<?xml version="1.0" encoding="UTF-8"?>
<!-- Generated by org.testng.reporters.JUnitReportReporter -->
<testsuite hostname="DESKTOP-QTB4BMV" failures="0" tests="53" name="com.dryrun.testcases.HomePageTest" time="318.360" errors="0" timestamp="2024-11-22T14:19:17 IST" skipped="0">
  <testcase classname="com.dryrun.testcases.HomePageTest" name="verifyUsernameText" time="0.275"/>
  <testcase classname="com.dryrun.testcases.HomePageTest" name="verifyOrgDetailsText" time="0.222"/>
  <testcase classname="com.dryrun.testcases.HomePageTest" name="verifyOrganizationSidemenu" time="0.666"/>
  <testcase classname="com.dryrun.testcases.HomePageTest" name="verifyOrganizationInfoSidemenu" time="2.039"/>
  <testcase classname="com.dryrun.testcases.HomePageTest" name="verifyDocControlSidemenu" time="2.399"/>
  <testcase classname="com.dryrun.testcases.HomePageTest" name="verifyTaxMasterSidemenu" time="2.824"/>
  <testcase classname="com.dryrun.testcases.HomePageTest" name="verifyBrandMasterSidemenu" time="3.844"/>
  <testcase classname="com.dryrun.testcases.HomePageTest" name="verifyMailConfigSidemenu" time="2.577"/>
  <testcase classname="com.dryrun.testcases.HomePageTest" name="verifyMasterMngmtSidemenu" time="2.957"/>
  <testcase classname="com.dryrun.testcases.HomePageTest" name="verifyAirLineSidemenu" time="4.553"/>
  <testcase classname="com.dryrun.testcases.HomePageTest" name="verifyAirPortSidemenu" time="3.588"/>
  <testcase classname="com.dryrun.testcases.HomePageTest" name="verifyPromoCodeSidemenu" time="3.097"/>
  <testcase classname="com.dryrun.testcases.HomePageTest" name="verifyAirLinecommSidemenu" time="2.530"/>
  <testcase classname="com.dryrun.testcases.HomePageTest" name="verifyDealCodesSidemenu" time="3.212"/>
  <testcase classname="com.dryrun.testcases.HomePageTest" name="verifyCorpCatMstrSidemenu" time="2.571"/>
  <testcase classname="com.dryrun.testcases.HomePageTest" name="verifyCustGrpMstrSidemenu" time="2.898"/>
  <testcase classname="com.dryrun.testcases.HomePageTest" name="verifyCompChnlMstrSidemenu" time="3.234"/>
  <testcase classname="com.dryrun.testcases.HomePageTest" name="verifyCostCntrMstrSidemenu" time="2.603"/>
  <testcase classname="com.dryrun.testcases.HomePageTest" name="verifyRoleMngmtSidemenu" time="3.309"/>
  <testcase classname="com.dryrun.testcases.HomePageTest" name="verifyRoleCreationSidemenu" time="3.109"/>
  <testcase classname="com.dryrun.testcases.HomePageTest" name="verifyRoleProgramsSidemenu" time="3.441"/>
  <testcase classname="com.dryrun.testcases.HomePageTest" name="verifyProviderMngmtSidemenu" time="10.999"/>
  <testcase classname="com.dryrun.testcases.HomePageTest" name="verifyProviderSetupSidemenu" time="12.794"/>
  <testcase classname="com.dryrun.testcases.HomePageTest" name="verifyServiceChargeSidemenu" time="3.907"/>
  <testcase classname="com.dryrun.testcases.HomePageTest" name="verifyFlightRuleSidemenu" time="7.655"/>
  <testcase classname="com.dryrun.testcases.HomePageTest" name="verifyFlightTmpltSidemenu" time="9.527"/>
  <testcase classname="com.dryrun.testcases.HomePageTest" name="verifyHotelRuleSidemenu" time="16.756"/>
  <testcase classname="com.dryrun.testcases.HomePageTest" name="verifyHotelTmpltSidemenu" time="4.943"/>
  <testcase classname="com.dryrun.testcases.HomePageTest" name="verifyInsuranceRuleSidemenu" time="6.086"/>
  <testcase classname="com.dryrun.testcases.HomePageTest" name="verifyInsuranceTmpltSidemenu" time="5.189"/>
  <testcase classname="com.dryrun.testcases.HomePageTest" name="verifyRailRuleSidemenu" time="6.853"/>
  <testcase classname="com.dryrun.testcases.HomePageTest" name="verifyRailTempltSidemenu" time="4.766"/>
  <testcase classname="com.dryrun.testcases.HomePageTest" name="verifyTransferRuleSidemenu" time="7.397"/>
  <testcase classname="com.dryrun.testcases.HomePageTest" name="verifyTransferTmpltSidemenu" time="4.608"/>
  <testcase classname="com.dryrun.testcases.HomePageTest" name="verifyRailPAssRuleSidemenu" time="5.447"/>
  <testcase classname="com.dryrun.testcases.HomePageTest" name="verifyRailPAssTmpltSidemenu" time="5.092"/>
  <testcase classname="com.dryrun.testcases.HomePageTest" name="verifyCompanySidemenu" time="4.188"/>
  <testcase classname="com.dryrun.testcases.HomePageTest" name="verifyCompanyListSidemenu" time="5.395"/>
  <testcase classname="com.dryrun.testcases.HomePageTest" name="verifyBranchListSidemenu" time="2.561"/>
  <testcase classname="com.dryrun.testcases.HomePageTest" name="verifyCopanySearchSidemenu" time="2.812"/>
  <testcase classname="com.dryrun.testcases.HomePageTest" name="verifyUserBranchSearchSidemenu" time="5.803"/>
  <testcase classname="com.dryrun.testcases.HomePageTest" name="verifyCompExcelUploadSidemenu" time="4.705"/>
  <testcase classname="com.dryrun.testcases.HomePageTest" name="verifyPaymentApprovalSidemenu" time="2.932"/>
  <testcase classname="com.dryrun.testcases.HomePageTest" name="verifyPaymentSidemenu" time="4.525"/>
  <testcase classname="com.dryrun.testcases.HomePageTest" name="verifyReportsSidemenu" time="2.300"/>
  <testcase classname="com.dryrun.testcases.HomePageTest" name="verifyRegisteredUsrSidemenu" time="4.022"/>
  <testcase classname="com.dryrun.testcases.HomePageTest" name="verifyGuestUsrTransSidemenu" time="5.265"/>
  <testcase classname="com.dryrun.testcases.HomePageTest" name="verifyNewsLetterSidemenu" time="14.483"/>
  <testcase classname="com.dryrun.testcases.HomePageTest" name="verifyCurrencyMngmtSidemenu" time="4.333"/>
  <testcase classname="com.dryrun.testcases.HomePageTest" name="verifyCurrencyConvSidemenu" time="5.623"/>
  <testcase classname="com.dryrun.testcases.HomePageTest" name="verifyRoeMarginSidemenu" time="6.625"/>
  <testcase classname="com.dryrun.testcases.HomePageTest" name="verifyCategoryMstrSidemenu" time="7.418"/>
  <testcase classname="com.dryrun.testcases.HomePageTest" name="verifyclickLogout" time="67.403"/>
</testsuite> <!-- com.dryrun.testcases.HomePageTest -->
