<?xml version="1.0" encoding="UTF-8"?>
<!-- Generated by org.testng.reporters.JUnitReportReporter -->
<testsuite hostname="DESKTOP-QTB4BMV" failures="0" tests="3" name="dnata.admin.testcases.HomePageTest" time="7.481" errors="0" timestamp="2024-12-19T02:08:13 IST" skipped="0">
  <testcase classname="dnata.admin.testcases.HomePageTest" name="verifyOrgDetailsText" time="0.481"/>
  <testcase classname="dnata.admin.testcases.HomePageTest" name="verifyOrgDetailsParameters" time="5.463"/>
  <testcase classname="dnata.admin.testcases.HomePageTest" name="verifyCompanyListheadingText" time="1.537"/>
</testsuite> <!-- dnata.admin.testcases.HomePageTest -->
