<?xml version="1.0" encoding="UTF-8"?>
<!-- Generated by org.testng.reporters.JUnitReportReporter -->
<testsuite hostname="DESKTOP-QTB4BMV" failures="0" tests="8" name="dnata.admin.testcases.CarRentalRuleTest" time="36.075" errors="0" timestamp="2024-12-24T20:56:53 IST" skipped="0">
  <testcase classname="dnata.admin.testcases.CarRentalRuleTest" name="verifyCarRentalRuleCreationListheadingText" time="3.215"/>
  <testcase classname="dnata.admin.testcases.CarRentalRuleTest" name="verifyCarRentalRuleCreation" time="9.559"/>
  <testcase classname="dnata.admin.testcases.CarRentalRuleTest" name="verifyCarRentalRuleEditCancelButton" time="2.141"/>
  <testcase classname="dnata.admin.testcases.CarRentalRuleTest" name="verifyCarRentalRuleEdit" time="9.526"/>
  <testcase classname="dnata.admin.testcases.CarRentalRuleTest" name="verifyCarRentalRuleView" time="3.083"/>
  <testcase classname="dnata.admin.testcases.CarRentalRuleTest" name="verifyCarRentalRuleDeletePopup" time="1.283"/>
  <testcase classname="dnata.admin.testcases.CarRentalRuleTest" name="verifyCarRentalRuleDeletePopupNoButton" time="1.843"/>
  <testcase classname="dnata.admin.testcases.CarRentalRuleTest" name="verifyCarRentalRuleDelete" time="5.425"/>
</testsuite> <!-- dnata.admin.testcases.CarRentalRuleTest -->
