<?xml version="1.0" encoding="UTF-8"?>
<!-- Generated by org.testng.reporters.JUnitReportReporter -->
<testsuite hostname="DESKTOP-QTB4BMV" failures="0" tests="1" name="dnata.admin.testcases.CompanyListTest" time="17.541" errors="0" timestamp="2024-12-12T22:02:45 IST" skipped="0">
  <testcase classname="dnata.admin.testcases.CompanyListTest" name="verifyCompanyUserCreationAssignRole" time="17.541"/>
</testsuite> <!-- dnata.admin.testcases.CompanyListTest -->
