<?xml version="1.0" encoding="UTF-8"?>
<!-- Generated by org.testng.reporters.JUnitReportReporter -->
<testsuite hostname="DESKTOP-QTB4BMV" failures="0" tests="1" name="dnata.admin.testcases.LoginPageTest" time="16.609" errors="0" timestamp="2024-12-19T14:53:04 IST" skipped="0">
  <testcase classname="dnata.admin.testcases.LoginPageTest" name="verifyLoginSuccess" time="16.609"/>
</testsuite> <!-- dnata.admin.testcases.LoginPageTest -->
