<?xml version="1.0" encoding="UTF-8"?>
<!-- Generated by org.testng.reporters.JUnitReportReporter -->
<testsuite hostname="DESKTOP-QTB4BMV" failures="0" tests="2" name="dnata.admin.testcases.HomePageTest" time="5.638" errors="0" timestamp="2024-12-24T20:44:51 IST" skipped="0">
  <testcase classname="dnata.admin.testcases.HomePageTest" name="verifyOrgDetailsText" time="0.550"/>
  <testcase classname="dnata.admin.testcases.HomePageTest" name="verifyOrgDetailsParameters" time="5.088"/>
</testsuite> <!-- dnata.admin.testcases.HomePageTest -->
