<?xml version="1.0" encoding="UTF-8"?>
<!-- Generated by org.testng.reporters.JUnitReportReporter -->
<testsuite hostname="DESKTOP-QTB4BMV" failures="0" tests="9" name="dnata.admin.testcases.CompanyListTest" time="176.884" errors="0" timestamp="2024-12-19T14:53:04 IST" skipped="0">
  <testcase classname="dnata.admin.testcases.CompanyListTest" name="verifyBranchCompanyCreation" time="41.801"/>
  <testcase classname="dnata.admin.testcases.CompanyListTest" name="verifyB2BCompanyCreation" time="37.736"/>
  <testcase classname="dnata.admin.testcases.CompanyListTest" name="VerifyProductConfigurationSetup" time="16.553"/>
  <testcase classname="dnata.admin.testcases.CompanyListTest" name="VerifyCarRentalServiceChargeSetup" time="9.471"/>
  <testcase classname="dnata.admin.testcases.CompanyListTest" name="verifyCompanyUserCreation" time="15.462"/>
  <testcase classname="dnata.admin.testcases.CompanyListTest" name="verifyCompanyUserCreationAssignRole" time="9.129"/>
  <testcase classname="dnata.admin.testcases.CompanyListTest" name="verifyCompanyCustomerCreation" time="29.396"/>
  <testcase classname="dnata.admin.testcases.CompanyListTest" name="verifyCompanySupplierConfig" time="8.061"/>
  <testcase classname="dnata.admin.testcases.CompanyListTest" name="verifyCompanyFOP" time="9.275"/>
</testsuite> <!-- dnata.admin.testcases.CompanyListTest -->
