<?xml version="1.0" encoding="UTF-8"?>
<!-- Generated by org.testng.reporters.JUnitReportReporter -->
<testsuite hostname="DESKTOP-QTB4BMV" failures="0" tests="2" name="dnata.admin.testcases.HomePageTest" time="5.765" errors="0" timestamp="2024-12-24T11:50:34 IST" skipped="0">
  <testcase classname="dnata.admin.testcases.HomePageTest" name="verifyOrgDetailsText" time="0.466"/>
  <testcase classname="dnata.admin.testcases.HomePageTest" name="verifyOrgDetailsParameters" time="5.299"/>
</testsuite> <!-- dnata.admin.testcases.HomePageTest -->
