<?xml version="1.0" encoding="UTF-8"?>
<!-- Generated by org.testng.reporters.JUnitReportReporter -->
<testsuite hostname="DESKTOP-QTB4BMV" failures="0" tests="10" name="dnata.admin.testcases.CompanyListTest" time="113.488" errors="0" timestamp="2024-12-23T21:37:26 IST" skipped="0">
  <testcase classname="dnata.admin.testcases.CompanyListTest" name="verifyCompanyListheadingText" time="0.677"/>
  <testcase classname="dnata.admin.testcases.CompanyListTest" name="verifyBranchCompanyCreation" time="20.494"/>
  <testcase classname="dnata.admin.testcases.CompanyListTest" name="verifyB2BCompanyCreation" time="19.457"/>
  <testcase classname="dnata.admin.testcases.CompanyListTest" name="VerifyProductConfigurationSetup" time="15.831"/>
  <testcase classname="dnata.admin.testcases.CompanyListTest" name="VerifyCarRentalServiceChargeSetup" time="9.546"/>
  <testcase classname="dnata.admin.testcases.CompanyListTest" name="verifyCompanyUserCreation" time="8.377"/>
  <testcase classname="dnata.admin.testcases.CompanyListTest" name="verifyCompanyUserCreationAssignRole" time="7.645"/>
  <testcase classname="dnata.admin.testcases.CompanyListTest" name="verifyCompanyCustomerCreation" time="13.526"/>
  <testcase classname="dnata.admin.testcases.CompanyListTest" name="verifyCompanySupplierConfig" time="8.999"/>
  <testcase classname="dnata.admin.testcases.CompanyListTest" name="verifyCompanyFOP" time="8.936"/>
</testsuite> <!-- dnata.admin.testcases.CompanyListTest -->
