<?xml version="1.0" encoding="UTF-8"?>
<!-- Generated by org.testng.reporters.JUnitReportReporter -->
<testsuite hostname="DESKTOP-QTB4BMV" failures="0" tests="10" name="dnata.admin.testcases.CompanyListTest" time="154.500" errors="0" timestamp="2024-12-24T20:44:51 IST" skipped="0">
  <testcase classname="dnata.admin.testcases.CompanyListTest" name="verifyCompanyListheadingText" time="2.953"/>
  <testcase classname="dnata.admin.testcases.CompanyListTest" name="verifyBranchCompanyCreation" time="30.691"/>
  <testcase classname="dnata.admin.testcases.CompanyListTest" name="verifyB2BCompanyCreation" time="27.671"/>
  <testcase classname="dnata.admin.testcases.CompanyListTest" name="VerifyProductConfigurationSetup" time="18.034"/>
  <testcase classname="dnata.admin.testcases.CompanyListTest" name="VerifyCarRentalServiceChargeSetup" time="11.387"/>
  <testcase classname="dnata.admin.testcases.CompanyListTest" name="verifyCompanyUserCreation" time="12.534"/>
  <testcase classname="dnata.admin.testcases.CompanyListTest" name="verifyCompanyUserCreationAssignRole" time="9.457"/>
  <testcase classname="dnata.admin.testcases.CompanyListTest" name="verifyCompanyCustomerCreation" time="20.351"/>
  <testcase classname="dnata.admin.testcases.CompanyListTest" name="verifyCompanySupplierConfig" time="10.336"/>
  <testcase classname="dnata.admin.testcases.CompanyListTest" name="verifyCompanyFOP" time="11.086"/>
</testsuite> <!-- dnata.admin.testcases.CompanyListTest -->
