<?xml version="1.0" encoding="UTF-8"?>
<!-- Generated by org.testng.reporters.JUnitReportReporter -->
<testsuite hostname="DESKTOP-2H0BP27" failures="0" tests="3" name="com.dryrun.base.NewTest" time="0.012" errors="0" timestamp="2024-11-02T12:56:40 IST" skipped="0">
  <testcase classname="com.dryrun.base.NewTest" name="Test3" time="0.001"/>
  <testcase classname="com.dryrun.base.NewTest" name="Test1" time="0.008"/>
  <testcase classname="com.dryrun.base.NewTest" name="Test2" time="0.003"/>
</testsuite> <!-- com.dryrun.base.NewTest -->
