<?xml version="1.0" encoding="UTF-8"?>
<!-- Generated by org.testng.reporters.JUnitReportReporter -->
<testsuite hostname="DESKTOP-QTB4BMV" failures="0" tests="11" name="com.dryrun.testcases.LoginPageTest" time="41.597" errors="0" timestamp="2024-11-11T22:16:48 IST" skipped="0">
  <testcase classname="com.dryrun.testcases.LoginPageTest" name="verifyAIroastamaniLogo" time="0.435"/>
  <testcase classname="com.dryrun.testcases.LoginPageTest" name="verifyTitle" time="0.028"/>
  <testcase classname="com.dryrun.testcases.LoginPageTest" name="verifyemailtext" time="0.113"/>
  <testcase classname="com.dryrun.testcases.LoginPageTest" name="verifypasswordtext" time="0.078"/>
  <testcase classname="com.dryrun.testcases.LoginPageTest" name="verifyusrnameRequiredtext" time="1.026"/>
  <testcase classname="com.dryrun.testcases.LoginPageTest" name="verifypasswordRequiredtext" time="0.357"/>
  <testcase classname="com.dryrun.testcases.LoginPageTest" name="verifyusernamenotvalidtext" time="3.680"/>
  <testcase classname="com.dryrun.testcases.LoginPageTest" name="verifyInvalidUserandPwdtext" time="8.901"/>
  <testcase classname="com.dryrun.testcases.LoginPageTest" name="verifyInvalidUserandPwdtext" time="8.634"/>
  <testcase classname="com.dryrun.testcases.LoginPageTest" name="verifyInvalidUserandPwdtext" time="8.871"/>
  <testcase classname="com.dryrun.testcases.LoginPageTest" name="verifyLoginsuccess" time="9.474"/>
</testsuite> <!-- com.dryrun.testcases.LoginPageTest -->
