<?xml version="1.0" encoding="UTF-8"?>
<!-- Generated by org.testng.reporters.JUnitReportReporter -->
<testsuite hostname="DESKTOP-QTB4BMV" failures="1" tests="53" name="com.dryrun.testcases.HomePageTest" time="296.116" errors="0" timestamp="2024-11-11T22:16:48 IST" skipped="0">
  <testcase classname="com.dryrun.testcases.HomePageTest" name="verifyUsernameText" time="0.333"/>
  <testcase classname="com.dryrun.testcases.HomePageTest" name="verifyOrgDetailsText" time="0.278"/>
  <testcase classname="com.dryrun.testcases.HomePageTest" name="verifyOrganizationSidemenu" time="0.978"/>
  <testcase classname="com.dryrun.testcases.HomePageTest" name="verifyOrganizationInfoSidemenu" time="1.934"/>
  <testcase classname="com.dryrun.testcases.HomePageTest" name="verifyDocControlSidemenu" time="2.610"/>
  <testcase classname="com.dryrun.testcases.HomePageTest" name="verifyTaxMasterSidemenu" time="2.581"/>
  <testcase classname="com.dryrun.testcases.HomePageTest" name="verifyBrandMasterSidemenu" time="3.440"/>
  <testcase classname="com.dryrun.testcases.HomePageTest" name="verifyMailConfigSidemenu" time="3.314"/>
  <testcase classname="com.dryrun.testcases.HomePageTest" name="verifyMasterMngmtSidemenu" time="3.233"/>
  <testcase classname="com.dryrun.testcases.HomePageTest" name="verifyAirLineSidemenu" time="3.742"/>
  <testcase classname="com.dryrun.testcases.HomePageTest" name="verifyAirPortSidemenu" time="3.374"/>
  <testcase classname="com.dryrun.testcases.HomePageTest" name="verifyPromoCodeSidemenu" time="4.065"/>
  <testcase classname="com.dryrun.testcases.HomePageTest" name="verifyAirLinecommSidemenu" time="3.431"/>
  <testcase classname="com.dryrun.testcases.HomePageTest" name="verifyDealCodesSidemenu" time="2.108"/>
  <testcase classname="com.dryrun.testcases.HomePageTest" name="verifyCorpCatMstrSidemenu" time="2.900"/>
  <testcase classname="com.dryrun.testcases.HomePageTest" name="verifyCustGrpMstrSidemenu" time="2.637"/>
  <testcase classname="com.dryrun.testcases.HomePageTest" name="verifyCompChnlMstrSidemenu" time="2.593"/>
  <testcase classname="com.dryrun.testcases.HomePageTest" name="verifyCostCntrMstrSidemenu" time="2.907"/>
  <testcase classname="com.dryrun.testcases.HomePageTest" name="verifyRoleMngmtSidemenu" time="3.043"/>
  <testcase classname="com.dryrun.testcases.HomePageTest" name="verifyRoleCreationSidemenu" time="2.803"/>
  <testcase classname="com.dryrun.testcases.HomePageTest" name="verifyRoleProgramsSidemenu" time="3.573"/>
  <testcase classname="com.dryrun.testcases.HomePageTest" name="verifyProviderMngmtSidemenu" time="7.408"/>
  <testcase classname="com.dryrun.testcases.HomePageTest" name="verifyProviderSetupSidemenu" time="9.975"/>
  <testcase classname="com.dryrun.testcases.HomePageTest" name="verifyServiceChargeSidemenu" time="3.865"/>
  <testcase classname="com.dryrun.testcases.HomePageTest" name="verifyFlightRuleSidemenu" time="8.043"/>
  <testcase classname="com.dryrun.testcases.HomePageTest" name="verifyFlightTmpltSidemenu" time="8.333"/>
  <testcase classname="com.dryrun.testcases.HomePageTest" name="verifyHotelRuleSidemenu" time="15.983"/>
  <testcase classname="com.dryrun.testcases.HomePageTest" name="verifyHotelTmpltSidemenu" time="5.422"/>
  <testcase classname="com.dryrun.testcases.HomePageTest" name="verifyInsuranceRuleSidemenu" time="6.969"/>
  <testcase classname="com.dryrun.testcases.HomePageTest" name="verifyInsuranceTmpltSidemenu" time="5.032"/>
  <testcase classname="com.dryrun.testcases.HomePageTest" name="verifyRailRuleSidemenu" time="6.918"/>
  <testcase classname="com.dryrun.testcases.HomePageTest" name="verifyRailTempltSidemenu" time="5.050"/>
  <testcase classname="com.dryrun.testcases.HomePageTest" name="verifyTransferRuleSidemenu" time="4.259"/>
  <testcase classname="com.dryrun.testcases.HomePageTest" name="verifyTransferTmpltSidemenu" time="3.880"/>
  <testcase classname="com.dryrun.testcases.HomePageTest" name="verifyRailPAssRuleSidemenu" time="4.216"/>
  <testcase classname="com.dryrun.testcases.HomePageTest" name="verifyRailPAssTmpltSidemenu" time="3.783"/>
  <testcase classname="com.dryrun.testcases.HomePageTest" name="verifyCompanySidemenu" time="4.043"/>
  <testcase classname="com.dryrun.testcases.HomePageTest" name="verifyCompanyListSidemenu" time="5.929"/>
  <testcase classname="com.dryrun.testcases.HomePageTest" name="verifyBranchListSidemenu" time="2.709"/>
  <testcase classname="com.dryrun.testcases.HomePageTest" name="verifyCopanySearchSidemenu" time="2.958"/>
  <testcase classname="com.dryrun.testcases.HomePageTest" name="verifyUserBranchSearchSidemenu" time="5.557"/>
  <testcase classname="com.dryrun.testcases.HomePageTest" name="verifyCompExcelUploadSidemenu" time="4.020"/>
  <testcase classname="com.dryrun.testcases.HomePageTest" name="verifyPaymentApprovalSidemenu" time="3.798"/>
  <testcase classname="com.dryrun.testcases.HomePageTest" name="verifyPaymentSidemenu" time="3.867"/>
  <testcase classname="com.dryrun.testcases.HomePageTest" name="verifyReportsSidemenu" time="2.782"/>
  <testcase classname="com.dryrun.testcases.HomePageTest" name="verifyRegisteredUsrSidemenu" time="3.359"/>
  <testcase classname="com.dryrun.testcases.HomePageTest" name="verifyGuestUsrTransSidemenu" time="5.635"/>
  <testcase classname="com.dryrun.testcases.HomePageTest" name="verifyNewsLetterSidemenu" time="10.430">
    <failure message="expected [Newsletter Subscription ] but found [Newsletter Subscription]" type="java.lang.AssertionError">
      <![CDATA[java.lang.AssertionError: expected [Newsletter Subscription ] but found [Newsletter Subscription]
at org.testng.Assert.fail(Assert.java:111)
at org.testng.Assert.failNotEquals(Assert.java:1578)
at org.testng.Assert.assertEqualsImpl(Assert.java:150)
at org.testng.Assert.assertEquals(Assert.java:132)
at org.testng.Assert.assertEquals(Assert.java:656)
at org.testng.Assert.assertEquals(Assert.java:666)
at com.dryrun.testcases.HomePageTest.verifyNewsLetterSidemenu(HomePageTest.java:596)
at java.base/jdk.internal.reflect.DirectMethodHandleAccessor.invoke(DirectMethodHandleAccessor.java:103)
at java.base/java.lang.reflect.Method.invoke(Method.java:580)
at org.testng.internal.invokers.MethodInvocationHelper.invokeMethod(MethodInvocationHelper.java:141)
at org.testng.internal.invokers.TestInvoker.invokeMethod(TestInvoker.java:686)
at org.testng.internal.invokers.TestInvoker.invokeTestMethod(TestInvoker.java:230)
at org.testng.internal.invokers.MethodRunner.runInSequence(MethodRunner.java:63)
at org.testng.internal.invokers.TestInvoker$MethodInvocationAgent.invoke(TestInvoker.java:992)
at org.testng.internal.invokers.TestInvoker.invokeTestMethods(TestInvoker.java:203)
at org.testng.internal.invokers.TestMethodWorker.invokeTestMethods(TestMethodWorker.java:154)
at org.testng.internal.invokers.TestMethodWorker.run(TestMethodWorker.java:134)
at java.base/java.util.ArrayList.forEach(ArrayList.java:1597)
at org.testng.TestRunner.privateRun(TestRunner.java:739)
at org.testng.TestRunner.run(TestRunner.java:614)
at org.testng.SuiteRunner.runTest(SuiteRunner.java:421)
at org.testng.SuiteRunner.runSequentially(SuiteRunner.java:413)
at org.testng.SuiteRunner.privateRun(SuiteRunner.java:373)
at org.testng.SuiteRunner.run(SuiteRunner.java:312)
at org.testng.SuiteRunnerWorker.runSuite(SuiteRunnerWorker.java:52)
at org.testng.SuiteRunnerWorker.run(SuiteRunnerWorker.java:95)
at org.testng.TestNG.runSuitesSequentially(TestNG.java:1274)
at org.testng.TestNG.runSuitesLocally(TestNG.java:1208)
at org.testng.TestNG.runSuites(TestNG.java:1112)
at org.testng.TestNG.run(TestNG.java:1079)
at org.testng.remote.AbstractRemoteTestNG.run(AbstractRemoteTestNG.java:115)
at org.testng.remote.RemoteTestNG.initAndRun(RemoteTestNG.java:293)
at org.testng.remote.RemoteTestNG.main(RemoteTestNG.java:91)
]]>
    </failure>
  </testcase> <!-- verifyNewsLetterSidemenu -->
  <testcase classname="com.dryrun.testcases.HomePageTest" name="verifyCurrencyMngmtSidemenu" time="5.004"/>
  <testcase classname="com.dryrun.testcases.HomePageTest" name="verifyCurrencyConvSidemenu" time="5.311"/>
  <testcase classname="com.dryrun.testcases.HomePageTest" name="verifyRoeMarginSidemenu" time="5.397"/>
  <testcase classname="com.dryrun.testcases.HomePageTest" name="verifyCategoryMstrSidemenu" time="7.116"/>
  <testcase classname="com.dryrun.testcases.HomePageTest" name="verifyclickLogout" time="63.188"/>
</testsuite> <!-- com.dryrun.testcases.HomePageTest -->
